<?xml version="1.0" encoding="UTF-8"?>
<!-- Generated by org.testng.reporters.JUnitXMLReporter -->
<testsuite hostname="DESKTOP-PJ5JRQT" ignored="0" name="Default test" tests="3" failures="0" timestamp="11 Apr 2021 11:40:56 GMT" time="0.091" errors="0">
  <testcase name="bike" time="0.036" classname="com.selenium.testng.ParallelExecution"/>
  <testcase name="car" time="0.002" classname="com.selenium.testng.ParallelExecution"/>
  <testcase name="cycle" time="0.002" classname="com.selenium.testng.ParallelExecution"/>
</testsuite> <!-- Default test -->
