<?xml version="1.0" encoding="UTF-8"?>
<!-- Generated by org.testng.reporters.JUnitXMLReporter -->
<testsuite hostname="DESKTOP-PJ5JRQT" ignored="0" name="Test" tests="3" failures="0" timestamp="11 Apr 2021 11:44:52 GMT" time="14.301" errors="0">
  <testcase name="launchtestsite" time="11.752" classname="com.selenium.testng.ParallelExecution"/>
  <testcase name="launchgoogle" time="11.924" classname="com.selenium.testng.ParallelExecution"/>
  <testcase name="launchAmzon" time="14.238" classname="com.selenium.testng.ParallelExecution"/>
</testsuite> <!-- Test -->
